<html>
<body>
<pre>
<h1>µVision Build Log</h1>
<h2>Tool Versions:</h2>
IDE-Version: ¦ÌVision V5.24.2.0
Copyright (C) 2017 ARM Ltd and ARM Germany GmbH. All rights reserved.
License Information: H 634591772@qq.com, F, LIC=FYKYW-QKZVD-LQJ0Q-NBIV3-K1DVF-EZPIH
 
Tool Versions:
Toolchain:       MDK-ARM Plus  Version: 5.24.1
Toolchain Path:  C:\Keil_v5\ARM\ARMCC\Bin
C Compiler:      Armcc.exe V5.06 update 5 (build 528)
Assembler:       Armasm.exe V5.06 update 5 (build 528)
Linker/Locator:  ArmLink.exe V5.06 update 5 (build 528)
Library Manager: ArmAr.exe V5.06 update 5 (build 528)
Hex Converter:   FromElf.exe V5.06 update 5 (build 528)
CPU DLL:         SARMCM3.DLL V5.24.1
Dialog DLL:      DCM.DLL V1.16.0.0
Target DLL:      CMSIS_AGDI.dll V1.28.3.0
Dialog DLL:      TCM.DLL V1.32.0.0
 
<h2>Project:</h2>
C:\Users\63459\Desktop\f407 - ¸±±¾\MDK\temp.uvprojx
Project File Date:  10/29/2024

<h2>Output:</h2>
*** Using Compiler 'V5.06 update 5 (build 528)', folder: 'C:\Keil_v5\ARM\ARMCC\Bin'
Build target 'inverted_pendulum'
assembling startup_stm32f40_41xxx.s...
compiling OLED_Data.c...
..\HARDWARE\OLED_SPI\OLED_Data.c(337): error:  #8: missing closing quote
  	"ï¼?",
..\HARDWARE\OLED_SPI\OLED_Data.c(338): error:  #253: expected a ","
..\HARDWARE\OLED_SPI\OLED_Data.c(340): error:  #8: missing closing quote
  	"ã€?",
..\HARDWARE\OLED_SPI\OLED_Data.c(341): error:  #253: expected a ","
..\HARDWARE\OLED_SPI\OLED_Data.c(343): error:  #8: missing closing quote
  	"å‚?",
..\HARDWARE\OLED_SPI\OLED_Data.c(344): error:  #253: expected a ","
..\HARDWARE\OLED_SPI\OLED_Data.c(346): error:  #8: missing closing quote
  	"é€?",
..\HARDWARE\OLED_SPI\OLED_Data.c(347): error:  #253: expected a ","
..\HARDWARE\OLED_SPI\OLED_Data.c(349): error:  #8: missing closing quote
   	"æŒ?",
..\HARDWARE\OLED_SPI\OLED_Data.c(350): error:  #253: expected a ","
..\HARDWARE\OLED_SPI\OLED_Data.c(352): error:  #8: missing closing quote
  	"å®?",
..\HARDWARE\OLED_SPI\OLED_Data.c(353): error:  #253: expected a ","
..\HARDWARE\OLED_SPI\OLED_Data.c(355): error:  #8: missing closing quote
  	"è§?",
..\HARDWARE\OLED_SPI\OLED_Data.c(356): error:  #253: expected a ","
..\HARDWARE\OLED_SPI\OLED_Data.c(358): error:  #8: missing closing quote
  	"åº?",
..\HARDWARE\OLED_SPI\OLED_Data.c(359): error:  #253: expected a ","
..\HARDWARE\OLED_SPI\OLED_Data.c(361): error:  #8: missing closing quote
  	"å½?",
..\HARDWARE\OLED_SPI\OLED_Data.c(362): error:  #253: expected a ","
..\HARDWARE\OLED_SPI\OLED_Data.c(364): error:  #8: missing closing quote
  	"å‰?",
..\HARDWARE\OLED_SPI\OLED_Data.c(365): error:  #253: expected a ","
..\HARDWARE\OLED_SPI\OLED_Data.c(368): error:  #144: a value of type "char *" cannot be used to initialize an entity of type "uint8_t"
  	"",		
..\HARDWARE\OLED_SPI\OLED_Data.c: 0 warnings, 21 errors
compiling stm32f4xx_it.c...
compiling system_stm32f4xx.c...
compiling Control_Task.c...
compiling main.c...
..\USER\main.c(120): error:  #117: non-void function "main"  should return a value
              return ;
..\USER\main.c: 0 warnings, 1 error
compiling externfunc.c...
..\HARDWARE\HMI\externfunc.c(93): error:  #20: identifier "AngleSet" is undefined
      if((mode==3)||(AngleSet))
..\HARDWARE\HMI\externfunc.c: 0 warnings, 1 error
compiling NVIC.c...
compiling myiic.c...
compiling mpu6050.c...
compiling control.c...
compiling inv_mpu_dmp_motion_driver.c...
compiling OLED.c...
compiling bsp.c...
compiling hmi.c...
compiling inv_mpu.c...
compiling stm32f4xx_crc.c...
compiling usart.c...
compiling shell.c...
compiling sys.c...
compiling misc.c...
compiling delay.c...
compiling stm32f4xx_can.c...
compiling stm32f4xx_adc.c...
compiling stm32f4xx_cryp.c...
compiling stm32f4xx_cryp_des.c...
compiling stm32f4xx_cryp_aes.c...
compiling stm32f4xx_dma.c...
compiling stm32f4xx_dbgmcu.c...
compiling stm32f4xx_dcmi.c...
compiling stm32f4xx_dac.c...
compiling stm32f4xx_cryp_tdes.c...
compiling stm32f4xx_exti.c...
compiling stm32f4xx_dma2d.c...
compiling stm32f4xx_hash_md5.c...
compiling stm32f4xx_hash.c...
compiling stm32f4xx_fsmc.c...
compiling stm32f4xx_flash.c...
compiling stm32f4xx_flash_ramfunc.c...
compiling stm32f4xx_gpio.c...
compiling stm32f4xx_hash_sha1.c...
compiling stm32f4xx_iwdg.c...
compiling stm32f4xx_pwr.c...
compiling stm32f4xx_i2c.c...
compiling stm32f4xx_ltdc.c...
compiling stm32f4xx_rng.c...
compiling stm32f4xx_rcc.c...
compiling stm32f4xx_rtc.c...
compiling stm32f4xx_sai.c...
compiling stm32f4xx_spi.c...
compiling stm32f4xx_wwdg.c...
compiling stm32f4xx_syscfg.c...
compiling stm32f4xx_sdio.c...
compiling stm32f4xx_usart.c...
compiling stm32f4xx_tim.c...
".\Objects\temp.axf" - 23 Error(s), 0 Warning(s).

<h2>Software Packages used:</h2>

Package Vendor: ARM
                http://www.keil.com/pack/ARM.CMSIS.5.0.1.pack
                ARM.CMSIS.5.0.1
                CMSIS (Cortex Microcontroller Software Interface Standard)
   * Component: CORE Version: 5.0.1

Package Vendor: Keil
                http://www.keil.com/pack/Keil.STM32F4xx_DFP.1.0.8.pack
                Keil.STM32F4xx_DFP.1.0.8
                STMicroelectronics STM32F4 Series Device Support, Drivers and Examples

<h2>Collection of Component include folders:</h2>
  .\RTE\_inverted_pendulum
  C:\Keil_v5\ARM\PACK\ARM\CMSIS\5.0.1\CMSIS\Include
  C:\Keil_v5\ARM\PACK\Keil\STM32F4xx_DFP\1.0.8\Device\Include

<h2>Collection of Component Files used:</h2>

   * Component: ARM::CMSIS:CORE:5.0.1
Target not created.
Build Time Elapsed:  00:00:04
</pre>
</body>
</html>
